2025-06-04 13:46:10,566 - INFO - Available resources: ('ASRL/dev/ttyUSB0::INSTR',)
2025-06-04 13:46:10,567 - INFO - Connecting to ASRL/dev/ttyUSB0::INSTR
2025-06-04 13:46:12,578 - ERROR - Connection failed: VI_ERROR_TMO (-1073807339): Timeout expired before operation completed.
2025-06-04 13:46:12,579 - ERROR - Hardware initialization failed: VI_ERROR_TMO (-1073807339): Timeout expired before operation completed.
2025-06-04 13:54:58,037 - INFO - Available resources: ('ASRL/dev/ttyUSB0::INSTR',)
2025-06-04 13:54:58,037 - INFO - Connecting to ASRL/dev/ttyUSB0::INSTR
2025-06-04 13:55:00,046 - ERROR - Connection failed: VI_ERROR_TMO (-1073807339): Timeout expired before operation completed.
2025-06-04 13:55:00,047 - ERROR - Hardware initialization failed: VI_ERROR_TMO (-1073807339): Timeout expired before operation completed.
2025-06-04 13:55:09,400 - INFO - Available resources: ('ASRL/dev/ttyUSB0::INSTR',)
2025-06-04 13:55:09,400 - INFO - Connecting to ASRL/dev/ttyUSB0::INSTR
2025-06-04 13:55:11,409 - ERROR - Connection failed: VI_ERROR_TMO (-1073807339): Timeout expired before operation completed.
2025-06-04 13:55:11,409 - ERROR - Hardware initialization failed: VI_ERROR_TMO (-1073807339): Timeout expired before operation completed.
2025-06-04 14:13:39,817 - INFO - Available resources: ('ASRL/dev/ttyUSB0::INSTR',)
2025-06-04 14:13:39,818 - INFO - Connecting to ASRL/dev/ttyUSB4::INSTR
2025-06-04 14:13:39,819 - ERROR - Connection failed: [Errno 2] could not open port /dev/ttyUSB4: [Errno 2] No such file or directory: '/dev/ttyUSB4'
2025-06-04 14:13:39,819 - ERROR - Hardware initialization failed: [Errno 2] could not open port /dev/ttyUSB4: [Errno 2] No such file or directory: '/dev/ttyUSB4'
2025-06-04 14:30:30,572 - INFO - Available resources: ('ASRL/dev/ttyUSB0::INSTR',)
2025-06-04 14:30:30,573 - INFO - Connecting to ASRL/dev/ttyUSB4::INSTR
2025-06-04 14:30:30,574 - ERROR - Connection failed: [Errno 2] could not open port /dev/ttyUSB4: [Errno 2] No such file or directory: '/dev/ttyUSB4'
2025-06-04 14:30:30,575 - ERROR - Hardware initialization failed: [Errno 2] could not open port /dev/ttyUSB4: [Errno 2] No such file or directory: '/dev/ttyUSB4'
2025-06-04 14:30:53,315 - INFO - Available resources: ('ASRL/dev/ttyUSB0::INSTR',)
2025-06-04 14:30:53,315 - INFO - Connecting to ASRL/dev/ttyUSB0::INSTR
2025-06-04 14:30:55,326 - ERROR - Connection failed: VI_ERROR_TMO (-1073807339): Timeout expired before operation completed.
2025-06-04 14:30:55,326 - ERROR - Hardware initialization failed: VI_ERROR_TMO (-1073807339): Timeout expired before operation completed.
2025-06-04 14:48:11,704 - INFO - Available resources: ('ASRL/dev/ttyUSB0::INSTR',)
2025-06-04 14:48:11,704 - INFO - Connecting to ASRL/dev/ttyUSB0::INSTR
2025-06-04 14:48:13,713 - ERROR - Connection failed: VI_ERROR_TMO (-1073807339): Timeout expired before operation completed.
2025-06-04 14:48:13,714 - ERROR - Hardware initialization failed: VI_ERROR_TMO (-1073807339): Timeout expired before operation completed.
2025-06-04 14:49:01,189 - INFO - Available resources: ('ASRL/dev/ttyUSB0::INSTR',)
2025-06-04 14:49:01,189 - INFO - Connecting to ASRL/dev/ttyUSB0::INSTR
2025-06-04 14:49:03,199 - ERROR - Connection failed: VI_ERROR_TMO (-1073807339): Timeout expired before operation completed.
2025-06-04 14:49:03,200 - ERROR - Hardware initialization failed: VI_ERROR_TMO (-1073807339): Timeout expired before operation completed.
2025-06-04 16:30:09,747 - INFO - Available resources: ('ASRL/dev/ttyUSB0::INSTR',)
2025-06-04 16:30:09,747 - INFO - Connecting to ASRL/dev/ttyUSB0::INSTR
2025-06-04 16:30:11,754 - ERROR - Connection failed: VI_ERROR_TMO (-1073807339): Timeout expired before operation completed.
2025-06-04 16:30:11,763 - ERROR - Hardware initialization failed: VI_ERROR_TMO (-1073807339): Timeout expired before operation completed.
2025-06-05 13:53:42,557 - INFO - Available resources: ('ASRL/dev/ttyUSB0::INSTR',)
2025-06-05 13:53:42,557 - INFO - Connecting to ASRL/dev/ttyUSB0::INSTR
2025-06-05 13:53:44,568 - ERROR - Connection failed: VI_ERROR_TMO (-1073807339): Timeout expired before operation completed.
2025-06-05 13:53:44,568 - ERROR - Hardware initialization failed: VI_ERROR_TMO (-1073807339): Timeout expired before operation completed.
2025-06-05 13:54:32,608 - INFO - Available resources: ('ASRL/dev/ttyUSB0::INSTR',)
2025-06-05 13:54:32,609 - INFO - Connecting to ASRL/dev/ttyUSB0::INSTR
2025-06-05 13:54:34,619 - ERROR - Connection failed: VI_ERROR_TMO (-1073807339): Timeout expired before operation completed.
2025-06-05 13:54:34,620 - ERROR - Hardware initialization failed: VI_ERROR_TMO (-1073807339): Timeout expired before operation completed.
2025-06-05 16:09:57,551 - INFO - Available resources: ('ASRL/dev/ttyUSB0::INSTR',)
2025-06-05 16:10:04,578 - ERROR - Connection failed: VI_ERROR_TMO (-1073807339): Timeout expired before operation completed.
2025-06-05 16:10:04,579 - ERROR - Hardware initialization failed: VI_ERROR_TMO (-1073807339): Timeout expired before operation completed.
2025-06-05 16:12:05,297 - INFO - Available resources: ('ASRL/dev/ttyUSB0::INSTR',)
2025-06-05 16:12:12,325 - ERROR - Connection failed: VI_ERROR_TMO (-1073807339): Timeout expired before operation completed.
2025-06-05 16:12:12,325 - ERROR - Hardware initialization failed: VI_ERROR_TMO (-1073807339): Timeout expired before operation completed.
2025-06-05 16:14:46,239 - INFO - Available resources: ('ASRL/dev/ttyUSB0::INSTR',)
2025-06-05 16:15:38,332 - ERROR - Connection failed: VI_ERROR_TMO (-1073807339): Timeout expired before operation completed.
2025-06-05 16:15:38,333 - ERROR - Hardware initialization failed: VI_ERROR_TMO (-1073807339): Timeout expired before operation completed.
2025-06-05 16:17:17,786 - INFO - Available resources: ('ASRL/dev/ttyUSB0::INSTR',)
2025-06-05 16:17:19,930 - INFO - Connected to: Agilent Technologies,33250A,0,2.04-1.01-2.00-03-2
2025-06-05 16:17:19,930 - INFO - Resetting instrument...
2025-06-05 16:17:19,931 - INFO - Hardware initialized successfully
2025-06-11 10:52:16,068 - INFO - Available resources: ('ASRL/dev/ttyUSB0::INSTR',)
2025-06-11 10:52:18,227 - INFO - Connected to: Agilent Technologies,33250A,0,2.04-1.01-2.00-03-2
2025-06-11 10:52:18,228 - INFO - Resetting instrument...
2025-06-11 10:52:18,229 - INFO - Hardware initialized successfully
2025-06-11 10:59:13,335 - INFO - Available resources: ('ASRL/dev/ttyUSB0::INSTR',)
2025-06-11 10:59:15,400 - INFO - Connected to: Agilent Technologies,33250A,0,2.04-1.01-2.00-03-2
2025-06-11 10:59:15,401 - INFO - Resetting instrument...
2025-06-11 10:59:15,403 - INFO - Hardware initialized successfully
2025-06-11 10:59:29,173 - INFO - Available resources: ('ASRL/dev/ttyUSB0::INSTR',)
2025-06-11 10:59:31,223 - INFO - Connected to: Agilent Technologies,33250A,0,2.04-1.01-2.00-03-2
2025-06-11 10:59:31,224 - INFO - Resetting instrument...
