2025-05-20 13:13:19,780 - INFO - Successfully imported Agilent controller modules
2025-05-20 13:13:34,874 - INFO - Successfully imported Agilent controller modules
2025-05-20 13:13:43,075 - INFO - Successfully imported Agilent controller modules
2025-05-20 13:15:27,555 - INFO - Successfully imported Agilent controller modules
2025-05-21 10:37:41,383 - INFO - Successfully imported Agilent controller modules
2025-05-21 10:38:56,327 - INFO - Successfully imported Agilent controller modules
2025-05-21 10:39:08,682 - INFO - Available resources: ()
2025-05-21 10:39:08,683 - INFO - Connecting to ASRLNone::INSTR
2025-05-21 10:39:08,684 - ERROR - Connection failed: [Errno 2] could not open port None: [Errno 2] No such file or directory: 'None'
2025-05-21 10:39:08,685 - ERROR - Connection error: [Errno 2] could not open port None: [Errno 2] No such file or directory: 'None'
2025-05-21 10:47:28,700 - INFO - Successfully imported Agilent controller modules
2025-05-21 10:47:58,485 - INFO - Successfully imported Agilent controller modules
2025-05-21 10:50:38,350 - INFO - Successfully imported Agilent controller modules
2025-05-21 10:50:43,735 - ERROR - name 'generator' is not defined
Traceback (most recent call last):
  File "/home/COSINUS/Documents/UV_Calibration/.venv/lib/python3.11/site-packages/nicegui/client.py", line 315, in safe_invoke
    result = func(self) if len(inspect.signature(func).parameters) == 1 else func()
                                                                             ^^^^^^
  File "/home/COSINUS/Documents/UV_Calibration/GUI.py", line 179, in <lambda>
    app.on_connect(lambda: update_warning_visibility())
                           ^^^^^^^^^^^^^^^^^^^^^^^^^^^
  File "/home/COSINUS/Documents/UV_Calibration/GUI.py", line 176, in update_warning_visibility
    demo_warning.visible = generator is None
                           ^^^^^^^^^
NameError: name 'generator' is not defined
2025-05-21 10:56:21,586 - INFO - Successfully imported Agilent controller modules
2025-05-21 10:56:23,261 - ERROR - name 'generator' is not defined
Traceback (most recent call last):
  File "/home/COSINUS/Documents/UV_Calibration/.venv/lib/python3.11/site-packages/nicegui/client.py", line 315, in safe_invoke
    result = func(self) if len(inspect.signature(func).parameters) == 1 else func()
                                                                             ^^^^^^
  File "/home/COSINUS/Documents/UV_Calibration/GUI.py", line 179, in <lambda>
    app.on_connect(lambda: update_warning_visibility())
                           ^^^^^^^^^^^^^^^^^^^^^^^^^^^
  File "/home/COSINUS/Documents/UV_Calibration/GUI.py", line 176, in update_warning_visibility
    demo_warning.visible = generator is None
                           ^^^^^^^^^
NameError: name 'generator' is not defined
2025-05-21 10:56:25,822 - ERROR - name 'generator' is not defined
Traceback (most recent call last):
  File "/home/COSINUS/Documents/UV_Calibration/.venv/lib/python3.11/site-packages/nicegui/events.py", line 439, in handle_event
    result = cast(Callable[[], Any], handler)()
             ^^^^^^^^^^^^^^^^^^^^^^^^^^^^^^^^^^
  File "/home/COSINUS/Documents/UV_Calibration/GUI.py", line 116, in <lambda>
    ui.button('AM Modulation Demo', on_click=lambda: run_demo(demo_am_modulation), icon='signal_cellular_alt').classes('w-full bg-indigo-700')
                                                     ^^^^^^^^^^^^^^^^^^^^^^^^^^^^
  File "/home/COSINUS/Documents/UV_Calibration/GUI.py", line 126, in run_demo
    if generator is None:
       ^^^^^^^^^
NameError: name 'generator' is not defined
2025-05-21 10:56:28,451 - ERROR - name 'generator' is not defined
Traceback (most recent call last):
  File "/home/COSINUS/Documents/UV_Calibration/.venv/lib/python3.11/site-packages/nicegui/events.py", line 439, in handle_event
    result = cast(Callable[[], Any], handler)()
             ^^^^^^^^^^^^^^^^^^^^^^^^^^^^^^^^^^
  File "/home/COSINUS/Documents/UV_Calibration/GUI.py", line 119, in <lambda>
    ui.button('Burst Mode Demo', on_click=lambda: run_demo(demo_burst_mode), icon='repeat').classes('w-full bg-green-700')
                                                  ^^^^^^^^^^^^^^^^^^^^^^^^^
  File "/home/COSINUS/Documents/UV_Calibration/GUI.py", line 126, in run_demo
    if generator is None:
       ^^^^^^^^^
NameError: name 'generator' is not defined
2025-05-21 10:56:29,223 - ERROR - name 'generator' is not defined
Traceback (most recent call last):
  File "/home/COSINUS/Documents/UV_Calibration/.venv/lib/python3.11/site-packages/nicegui/events.py", line 439, in handle_event
    result = cast(Callable[[], Any], handler)()
             ^^^^^^^^^^^^^^^^^^^^^^^^^^^^^^^^^^
  File "/home/COSINUS/Documents/UV_Calibration/GUI.py", line 119, in <lambda>
    ui.button('Burst Mode Demo', on_click=lambda: run_demo(demo_burst_mode), icon='repeat').classes('w-full bg-green-700')
                                                  ^^^^^^^^^^^^^^^^^^^^^^^^^
  File "/home/COSINUS/Documents/UV_Calibration/GUI.py", line 126, in run_demo
    if generator is None:
       ^^^^^^^^^
NameError: name 'generator' is not defined
2025-05-21 11:28:36,114 - INFO - Successfully imported Agilent controller modules
2025-05-21 11:28:37,307 - ERROR - name 'generator' is not defined
Traceback (most recent call last):
  File "/home/COSINUS/Documents/UV_Calibration/.venv/lib/python3.11/site-packages/nicegui/client.py", line 315, in safe_invoke
    result = func(self) if len(inspect.signature(func).parameters) == 1 else func()
                                                                             ^^^^^^
  File "/home/COSINUS/Documents/UV_Calibration/GUI.py", line 179, in <lambda>
    with ui.footer().classes('bg-blue-900 text-white'):
                               ^^^^^^^^^^^^^^^^^^^^^^^^^
  File "/home/COSINUS/Documents/UV_Calibration/GUI.py", line 176, in update_warning_visibility
    app.on_connect(lambda: update_warning_visibility())
                               ^^^^^^^^^
NameError: name 'generator' is not defined
2025-05-21 11:28:51,914 - ERROR - name 'generator' is not defined
Traceback (most recent call last):
  File "/home/COSINUS/Documents/UV_Calibration/.venv/lib/python3.11/site-packages/nicegui/events.py", line 439, in handle_event
    result = cast(Callable[[], Any], handler)()
             ^^^^^^^^^^^^^^^^^^^^^^^^^^^^^^^^^^
  File "/home/COSINUS/Documents/UV_Calibration/GUI.py", line 115, in <lambda>
    ui.button('Frequency Sweep Demo', on_click=lambda: run_demo(demo_frequency_sweep), icon='low_priority').classes('w-full bg-teal-700')
                                                       ^^^^^^^^^^^^^^^^^^^^^^^^^^^^^^
  File "/home/COSINUS/Documents/UV_Calibration/GUI.py", line 126, in run_demo
NameError: name 'generator' is not defined
2025-05-21 15:27:27,499 - INFO - Successfully imported Agilent controller modules
2025-05-21 15:30:03,876 - INFO - Successfully imported Agilent controller modules
2025-05-21 15:30:48,499 - INFO - Successfully imported Agilent controller modules
2025-05-21 15:32:05,832 - INFO - Successfully imported Agilent controller modules
2025-05-21 15:32:36,472 - INFO - Successfully imported Agilent controller modules
2025-05-21 15:33:56,097 - INFO - Successfully imported Agilent controller modules
2025-05-21 15:40:44,887 - INFO - Successfully imported Agilent controller modules
